Datetime: 2021/08/09 13:04:01
  Created log file
Datetime: 2021/08/09 13:04:16
  Incoming message at RSSI: -8, SNR: 11
Datetime: 2021/08/09 13:04:16
  Received message:
  {"UUID":"39BB303B","cmd":"ping","from":"BastMobile"}
Datetime: 2021/08/09 13:04:16
  Sent packet:
  {"from": "sf9bw7", "cmd": "pong", "UUID": "39BB303B", "rcvRSSI": -8}
Datetime: 2021/08/09 13:04:24
  Prefs file sf9bw7.json written.
 . devName = sf9bw7
 . freq = 865
 . sf = 9
 . bw = 125
 . pre = 8
 . tx = 22
 . cr = 5
 . ap = 60
 . hm = 0
 . aes = 1
 . pb = 1
Datetime: 2021/08/09 13:05:08
  Sent packet:
  {"from": "sf9bw7", "cmd": "msg", "UUID": "30200877", "msg": "Message #0"}
Datetime: 2021/08/09 13:06:13
  Sent packet:
  {"from": "sf9bw7", "cmd": "msg", "UUID": "9cab7bbf", "msg": "Message #1"}
Datetime: 2021/08/09 13:07:18
  Sent packet:
  {"from": "sf9bw7", "cmd": "msg", "UUID": "8ee93b23", "msg": "Message #2"}
Datetime: 2021/08/09 13:08:23
  Sent packet:
  {"from": "sf9bw7", "cmd": "msg", "UUID": "7950b50f", "msg": "Message #3"}
Datetime: 2021/08/09 13:09:28
  Sent packet:
  {"from": "sf9bw7", "cmd": "msg", "UUID": "b02e25a2", "msg": "Message #4"}
Datetime: 2021/08/09 13:10:34
  Sent packet:
  {"from": "sf9bw7", "cmd": "msg", "UUID": "7cd28bd4", "msg": "Message #5"}
Datetime: 2021/08/09 13:11:03
  Incoming message at RSSI: -8, SNR: 12
Datetime: 2021/08/09 13:11:03
  Received message:
  {"UUID":"8E9FA78D","cmd":"ping","from":"BastMobile"}
Datetime: 2021/08/09 13:11:03
  Sent packet:
  {"from": "sf9bw7", "cmd": "pong", "UUID": "8E9FA78D", "rcvRSSI": -8}
Datetime: 2021/08/09 13:11:45
  Sent packet:
  {"from": "sf9bw7", "cmd": "msg", "UUID": "f35a7b1b", "msg": "Message #6"}
Datetime: 2021/08/09 13:12:50
  Sent packet:
  {"from": "sf9bw7", "cmd": "msg", "UUID": "25c92e6b", "msg": "Message #7"}
Datetime: 2021/08/09 13:13:55
  Sent packet:
  {"from": "sf9bw7", "cmd": "msg", "UUID": "b707a6ec", "msg": "Message #8"}
Datetime: 2021/08/09 13:15:00
  Sent packet:
  {"from": "sf9bw7", "cmd": "msg", "UUID": "e324e18e", "msg": "Message #9"}
Datetime: 2021/08/09 13:16:05
  Sent packet:
  {"from": "sf9bw7", "cmd": "msg", "UUID": "4638cf83", "msg": "Message #10"}
Datetime: 2021/08/09 13:17:11
  Sent packet:
  {"from": "sf9bw7", "cmd": "msg", "UUID": "c8be5972", "msg": "Message #11"}
Datetime: 2021/08/09 13:18:16
  Sent packet:
  {"from": "sf9bw7", "cmd": "msg", "UUID": "5f90f40d", "msg": "Message #12"}
Datetime: 2021/08/09 13:19:21
  Sent packet:
  {"from": "sf9bw7", "cmd": "msg", "UUID": "4cfbe784", "msg": "Message #13"}
Datetime: 2021/08/09 13:20:27
  Sent packet:
  {"from": "sf9bw7", "cmd": "msg", "UUID": "ee734e8d", "msg": "Message #14"}
Datetime: 2021/08/09 13:21:32
  Sent packet:
  {"from": "sf9bw7", "cmd": "msg", "UUID": "ff88e1b6", "msg": "Message #15"}
Datetime: 2021/08/09 13:22:37
  Sent packet:
  {"from": "sf9bw7", "cmd": "msg", "UUID": "bf7e2eea", "msg": "Message #16"}
Datetime: 2021/08/09 13:23:43
  Sent packet:
  {"from": "sf9bw7", "cmd": "msg", "UUID": "ed6c6bf6", "msg": "Message #17"}
Datetime: 2021/08/09 13:24:48
  Sent packet:
  {"from": "sf9bw7", "cmd": "msg", "UUID": "de51f510", "msg": "Message #18"}
Datetime: 2021/08/09 13:25:53
  Sent packet:
  {"from": "sf9bw7", "cmd": "msg", "UUID": "49916f7d", "msg": "Message #19"}
Datetime: 2021/08/09 13:26:59
  Sent packet:
  {"from": "sf9bw7", "cmd": "msg", "UUID": "b27c474b", "msg": "Message #20"}
Datetime: 2021/08/09 13:28:04
  Sent packet:
  {"from": "sf9bw7", "cmd": "msg", "UUID": "118cec38", "msg": "Message #21"}
Datetime: 2021/08/09 13:29:09
  Sent packet:
  {"from": "sf9bw7", "cmd": "msg", "UUID": "35ec70f2", "msg": "Message #22"}
Datetime: 2021/08/09 13:30:14
  Sent packet:
  {"from": "sf9bw7", "cmd": "msg", "UUID": "1404107a", "msg": "Message #23"}
Datetime: 2021/08/09 13:31:19
  Sent packet:
  {"from": "sf9bw7", "cmd": "msg", "UUID": "d22e7a47", "msg": "Message #24"}
Datetime: 2021/08/09 13:31:47
  Incoming message at RSSI: -34, SNR: 10
Datetime: 2021/08/09 13:31:47
  Received message:
  {"UUID":"7177DDFA","cmd":"ping","from":"BastMobile"}
Datetime: 2021/08/09 13:31:47
  Sent packet:
  {"from": "sf9bw7", "cmd": "pong", "UUID": "7177DDFA", "rcvRSSI": -34}
Datetime: 2021/08/09 13:32:31
  Sent packet:
  {"from": "sf9bw7", "cmd": "msg", "UUID": "9e0dbfae", "msg": "Message #25"}
Datetime: 2021/08/09 13:33:36
  Sent packet:
  {"from": "sf9bw7", "cmd": "msg", "UUID": "400ec06c", "msg": "Message #26"}
Datetime: 2021/08/09 13:34:41
  Sent packet:
  {"from": "sf9bw7", "cmd": "msg", "UUID": "de122df8", "msg": "Message #27"}
Datetime: 2021/08/09 13:35:46
  Sent packet:
  {"from": "sf9bw7", "cmd": "msg", "UUID": "eb728b5c", "msg": "Message #28"}
Datetime: 2021/08/09 13:36:51
  Sent packet:
  {"from": "sf9bw7", "cmd": "msg", "UUID": "7a145e2b", "msg": "Message #29"}
Datetime: 2021/08/09 13:37:56
  Sent packet:
  {"from": "sf9bw7", "cmd": "msg", "UUID": "b4b719ce", "msg": "Message #30"}
Datetime: 2021/08/09 13:39:02
  Sent packet:
  {"from": "sf9bw7", "cmd": "msg", "UUID": "bcfc4377", "msg": "Message #31"}
Datetime: 2021/08/09 13:40:07
  Sent packet:
  {"from": "sf9bw7", "cmd": "msg", "UUID": "e3949150", "msg": "Message #32"}
Datetime: 2021/08/09 13:41:12
  Sent packet:
  {"from": "sf9bw7", "cmd": "msg", "UUID": "2a7adc87", "msg": "Message #33"}
Datetime: 2021/08/09 13:42:17
  Sent packet:
  {"from": "sf9bw7", "cmd": "msg", "UUID": "e0170577", "msg": "Message #34"}
Datetime: 2021/08/09 13:43:22
  Sent packet:
  {"from": "sf9bw7", "cmd": "msg", "UUID": "6563d122", "msg": "Message #35"}
Datetime: 2021/08/09 13:44:27
  Sent packet:
  {"from": "sf9bw7", "cmd": "msg", "UUID": "ce6ed701", "msg": "Message #36"}
Datetime: 2021/08/09 13:45:33
  Sent packet:
  {"from": "sf9bw7", "cmd": "msg", "UUID": "17e0cf3f", "msg": "Message #37"}
Datetime: 2021/08/09 13:46:38
  Sent packet:
  {"from": "sf9bw7", "cmd": "msg", "UUID": "41f7cd2d", "msg": "Message #38"}
Datetime: 2021/08/09 13:47:43
  Sent packet:
  {"from": "sf9bw7", "cmd": "msg", "UUID": "afe151b5", "msg": "Message #39"}
Datetime: 2021/08/09 13:48:49
  Sent packet:
  {"from": "sf9bw7", "cmd": "msg", "UUID": "07b462ab", "msg": "Message #40"}
Datetime: 2021/08/09 13:49:54
  Sent packet:
  {"from": "sf9bw7", "cmd": "msg", "UUID": "f7c6045b", "msg": "Message #41"}
Datetime: 2021/08/09 13:50:59
  Sent packet:
  {"from": "sf9bw7", "cmd": "msg", "UUID": "6a2f0e93", "msg": "Message #42"}
Datetime: 2021/08/09 13:52:05
  Sent packet:
  {"from": "sf9bw7", "cmd": "msg", "UUID": "bd4c6c2d", "msg": "Message #43"}
Datetime: 2021/08/09 13:53:10
  Sent packet:
  {"from": "sf9bw7", "cmd": "msg", "UUID": "060ef145", "msg": "Message #44"}
Datetime: 2021/08/09 13:54:15
  Sent packet:
  {"from": "sf9bw7", "cmd": "msg", "UUID": "a82da3a9", "msg": "Message #45"}
Datetime: 2021/08/09 13:55:20
  Sent packet:
  {"from": "sf9bw7", "cmd": "msg", "UUID": "c7010802", "msg": "Message #46"}
Datetime: 2021/08/09 13:56:26
  Sent packet:
  {"from": "sf9bw7", "cmd": "msg", "UUID": "255abf13", "msg": "Message #47"}
Datetime: 2021/08/09 13:57:31
  Sent packet:
  {"from": "sf9bw7", "cmd": "msg", "UUID": "6eeed653", "msg": "Message #48"}
Datetime: 2021/08/09 13:58:36
  Sent packet:
  {"from": "sf9bw7", "cmd": "msg", "UUID": "5a46f524", "msg": "Message #49"}
Datetime: 2021/08/09 13:59:42
  Sent packet:
  {"from": "sf9bw7", "cmd": "msg", "UUID": "3e6206ab", "msg": "Message #50"}
Datetime: 2021/08/09 14:00:47
  Sent packet:
  {"from": "sf9bw7", "cmd": "msg", "UUID": "ea8d97de", "msg": "Message #51"}
Datetime: 2021/08/09 14:01:52
  Sent packet:
  {"from": "sf9bw7", "cmd": "msg", "UUID": "89bd6fc6", "msg": "Message #52"}
Datetime: 2021/08/09 14:02:58
  Sent packet:
  {"from": "sf9bw7", "cmd": "msg", "UUID": "90025373", "msg": "Message #53"}
Datetime: 2021/08/09 14:04:03
  Sent packet:
  {"from": "sf9bw7", "cmd": "msg", "UUID": "e1a97295", "msg": "Message #54"}
Datetime: 2021/08/09 14:05:08
  Sent packet:
  {"from": "sf9bw7", "cmd": "msg", "UUID": "198e6942", "msg": "Message #55"}
Datetime: 2021/08/09 14:06:13
  Sent packet:
  {"from": "sf9bw7", "cmd": "msg", "UUID": "7de14324", "msg": "Message #56"}
Datetime: 2021/08/09 14:07:19
  Sent packet:
  {"from": "sf9bw7", "cmd": "msg", "UUID": "8314f3de", "msg": "Message #57"}
Datetime: 2021/08/09 14:08:24
  Sent packet:
  {"from": "sf9bw7", "cmd": "msg", "UUID": "6c6cdd4a", "msg": "Message #58"}
Datetime: 2021/08/09 14:09:29
  Sent packet:
  {"from": "sf9bw7", "cmd": "msg", "UUID": "ce334ed3", "msg": "Message #59"}
Datetime: 2021/08/09 14:10:35
  Sent packet:
  {"from": "sf9bw7", "cmd": "msg", "UUID": "8f31a306", "msg": "Message #60"}
Datetime: 2021/08/09 14:11:40
  Sent packet:
  {"from": "sf9bw7", "cmd": "msg", "UUID": "e16e349d", "msg": "Message #61"}
Datetime: 2021/08/09 14:12:45
  Sent packet:
  {"from": "sf9bw7", "cmd": "msg", "UUID": "5232b57d", "msg": "Message #62"}
Datetime: 2021/08/09 14:13:01
  Incoming message at RSSI: -23, SNR: 11
